<?xml version="1.0" encoding="UTF-8"?>
<!-- Generated by org.testng.reporters.JUnitReportReporter -->
<testsuite hostname="Kavan" failures="0" tests="1" name="testCases.TC001_ValidCalculationUS" time="1.011" errors="0" timestamp="2025-09-21T20:49:17 EDT" skipped="0">
  <testcase classname="testCases.TC001_ValidCalculationUS" name="validCalculationTest" time="1.011"/>
</testsuite> <!-- testCases.TC001_ValidCalculationUS -->
