<?xml version="1.0" encoding="UTF-8"?>
<!-- Generated by org.testng.reporters.JUnitReportReporter -->
<testsuite hostname="Kavan" failures="0" tests="1" name="testCases.TC002_ValidCalculationMetric" time="0.949" errors="0" timestamp="2025-09-21T20:49:24 EDT" skipped="0">
  <testcase classname="testCases.TC002_ValidCalculationMetric" name="validCalculationTest" time="0.949"/>
</testsuite> <!-- testCases.TC002_ValidCalculationMetric -->
