<?xml version="1.0" encoding="UTF-8"?>
<!-- Generated by org.testng.reporters.JUnitReportReporter -->
<testsuite hostname="Kavan" failures="0" tests="1" name="testCases.TC003_UnitSwitching" time="1.803" errors="0" timestamp="2025-09-21T20:57:38 EDT" skipped="0">
  <testcase classname="testCases.TC003_UnitSwitching" name="unitSwitchTest" time="1.803"/>
</testsuite> <!-- testCases.TC003_UnitSwitching -->
