<?xml version="1.0" encoding="UTF-8"?>
<!-- Generated by org.testng.reporters.JUnitReportReporter -->
<testsuite hostname="Kavan" failures="0" tests="1" name="testCases.TC004_AgeValidationNegative" time="1.100" errors="0" timestamp="2025-09-21T21:08:02 EDT" skipped="0">
  <testcase classname="testCases.TC004_AgeValidationNegative" name="invalidAgeTest" time="1.100"/>
</testsuite> <!-- testCases.TC004_AgeValidationNegative -->
